<?xml version="1.0" encoding="UTF-8"?>
<!-- Generated by org.testng.reporters.JUnitReportReporter -->
<testsuite hostname="ActiveMac03s-iMac.local" failures="0" tests="1" name="Demo.Lw1" time="20.936" errors="0" timestamp="2021-02-06T14:10:02 IST" skipped="0">
  <testcase classname="Demo.Lw1" name="FacebookLogin" time="20.936"/>
  <system-out/>
</testsuite> <!-- Demo.Lw1 -->
