<?xml version="1.0" encoding="UTF-8"?>
<!-- Generated by org.testng.reporters.JUnitReportReporter -->
<testsuite hostname="ActiveMac03s-iMac.local" failures="0" tests="1" name="com.LawyerWangu.test.Tests" time="72.899" errors="0" timestamp="2021-02-06T16:12:34 IST" skipped="0">
  <testcase classname="com.LawyerWangu.test.Tests" name="test" time="72.899"/>
  <system-out/>
</testsuite> <!-- com.LawyerWangu.test.Tests -->
